2025-07-11 14:29:54 INFO  Utils:112 - [TestNG] Running:
  C:\Users\hthit\IdeaProjects\OrangeHRM-Selenide\testng.xml

2025-07-11 14:30:23 INFO  Utils:112 - [TestNG] Running:
  C:\Users\hthit\IdeaProjects\OrangeHRM-Selenide\testng.xml

2025-07-11 14:31:50 INFO  Utils:112 - [TestNG] Running:
  C:\Users\hthit\IdeaProjects\OrangeHRM-Selenide\testng.xml

2025-07-11 14:31:50 INFO  WebDriverThreadLocalContainer:129 - No webdriver is bound to current thread: 1 - let's create a new webdriver
2025-07-11 14:31:52 INFO  WebDriverFactory:122 - Selenide 7.9.4 / Selenium 4.26.0 / chrome 137.0.7151.122 windows
2025-07-11 14:32:11 INFO  Utils:112 - [TestNG] Running:
  C:\Users\hthit\IdeaProjects\OrangeHRM-Selenide\testng.xml

2025-07-11 14:32:11 INFO  WebDriverThreadLocalContainer:129 - No webdriver is bound to current thread: 1 - let's create a new webdriver
2025-07-11 14:32:12 INFO  WebDriverFactory:122 - Selenide 7.9.4 / Selenium 4.26.0 / chrome 137.0.7151.122 windows
2025-07-11 14:41:42 INFO  WebDriverThreadLocalContainer:129 - No webdriver is bound to current thread: 1 - let's create a new webdriver
2025-07-11 14:41:43 INFO  WebDriverFactory:122 - Selenide 7.9.4 / Selenium 4.26.0 / chrome 137.0.7151.122 windows
2025-07-11 14:44:08 INFO  Utils:112 - [TestNG] Running:
  C:\Users\hthit\IdeaProjects\OrangeHRM-Selenide\testng.xml

2025-07-11 14:44:08 INFO  WebDriverThreadLocalContainer:129 - No webdriver is bound to current thread: 1 - let's create a new webdriver
2025-07-11 14:44:09 INFO  WebDriverFactory:122 - Selenide 7.9.4 / Selenium 4.26.0 / chrome 137.0.7151.122 windows
2025-07-11 14:45:43 INFO  WebDriverThreadLocalContainer:129 - No webdriver is bound to current thread: 1 - let's create a new webdriver
2025-07-11 14:45:44 INFO  WebDriverFactory:122 - Selenide 7.9.4 / Selenium 4.26.0 / chrome 137.0.7151.122 windows
2025-07-11 14:50:59 INFO  WebDriverThreadLocalContainer:129 - No webdriver is bound to current thread: 1 - let's create a new webdriver
2025-07-11 14:51:00 INFO  WebDriverFactory:122 - Selenide 7.9.4 / Selenium 4.26.0 / chrome 137.0.7151.122 windows
2025-07-11 14:51:14 INFO  AttachmentPrinter:21 - [[ATTACHMENT|C:\Users\hthit\IdeaProjects\OrangeHRM-Selenide\build\reports\tests\1752225674601.0.html]]
2025-07-11 14:51:14 INFO  AttachmentPrinter:21 - [[ATTACHMENT|C:\Users\hthit\IdeaProjects\OrangeHRM-Selenide\build\reports\tests\1752225674601.0.png]]
2025-07-11 14:53:08 INFO  WebDriverThreadLocalContainer:129 - No webdriver is bound to current thread: 1 - let's create a new webdriver
2025-07-11 14:53:09 INFO  WebDriverFactory:122 - Selenide 7.9.4 / Selenium 4.26.0 / chrome 137.0.7151.122 windows
2025-07-11 14:58:20 INFO  Utils:112 - [TestNG] Running:
  C:\Users\hthit\IdeaProjects\OrangeHRM-Selenide\testng.xml

2025-07-11 14:58:20 INFO  LoginTest:27 - Opening login URL...
2025-07-11 14:58:20 INFO  WebDriverThreadLocalContainer:129 - No webdriver is bound to current thread: 1 - let's create a new webdriver
2025-07-11 14:58:21 INFO  WebDriverFactory:122 - Selenide 7.9.4 / Selenium 4.26.0 / chrome 137.0.7151.122 windows
2025-07-11 14:58:26 INFO  LoginTest:34 - Verifying Dashboard text...
2025-07-11 14:58:27 INFO  LoginTest:39 - Login verified successfully with correct credentials.
2025-07-11 14:59:34 INFO  LoginTest:27 - Opening login URL...
2025-07-11 14:59:34 INFO  WebDriverThreadLocalContainer:129 - No webdriver is bound to current thread: 1 - let's create a new webdriver
2025-07-11 14:59:35 INFO  WebDriverFactory:122 - Selenide 7.9.4 / Selenium 4.26.0 / chrome 137.0.7151.122 windows
2025-07-11 14:59:45 INFO  LoginTest:34 - Verifying Dashboard text...
2025-07-11 14:59:47 INFO  LoginTest:39 - Login verified successfully with correct credentials.
2025-07-11 15:08:29 INFO  LoginTest:48 - Opening login URL...
2025-07-11 15:08:29 INFO  WebDriverThreadLocalContainer:129 - No webdriver is bound to current thread: 1 - let's create a new webdriver
2025-07-11 15:08:30 INFO  WebDriverFactory:122 - Selenide 7.9.4 / Selenium 4.26.0 / chrome 137.0.7151.122 windows
2025-07-11 15:08:36 INFO  LoginTest:53 - Verifying invalid credentials text...
2025-07-11 15:08:36 INFO  LoginTest:55 - Login failed with invalid credentials.
2025-07-11 15:08:36 INFO  LoginTest:27 - Opening login URL...
2025-07-11 15:08:37 INFO  LoginTest:34 - Verifying Dashboard text...
2025-07-11 15:08:38 INFO  LoginTest:39 - Login verified successfully with correct credentials.
2025-07-11 15:56:57 INFO  LoginTest:48 - Opening login URL...
2025-07-11 15:56:57 INFO  WebDriverThreadLocalContainer:129 - No webdriver is bound to current thread: 1 - let's create a new webdriver
2025-07-11 15:57:00 INFO  WebDriverFactory:122 - Selenide 7.9.4 / Selenium 4.26.0 / chrome 137.0.7151.122 windows
2025-07-11 15:57:08 INFO  LoginTest:53 - Verifying invalid credentials text...
2025-07-11 15:57:08 INFO  LoginTest:55 - Test case passed: Validation message shown for invalid credentials.
2025-07-11 15:57:08 INFO  LoginTest:80 - Opening login page...
2025-07-11 15:57:09 INFO  LoginTest:90 - Test case passed: Validation message shown for blank password.
2025-07-11 15:57:09 INFO  LoginTest:64 - Opening login URL...
2025-07-11 15:57:10 INFO  LoginTest:68 - Verifying required text...
2025-07-11 15:57:10 INFO  LoginTest:71 - Test case passed: Validation message shown for blank username.
2025-07-11 15:57:10 INFO  LoginTest:99 - Opening login page...
2025-07-11 15:57:11 INFO  LoginTest:114 - Test case passed: Validation messages shown for both blank username and password.
2025-07-11 15:57:11 INFO  LoginTest:27 - Opening login URL...
2025-07-11 15:57:12 INFO  LoginTest:34 - Verifying Dashboard text...
2025-07-11 15:57:14 INFO  LoginTest:39 - Login verified successfully with correct credentials.
2025-07-11 15:57:50 INFO  LoginTest:48 - Opening login URL...
2025-07-11 15:57:50 INFO  WebDriverThreadLocalContainer:129 - No webdriver is bound to current thread: 1 - let's create a new webdriver
2025-07-11 15:57:51 INFO  WebDriverFactory:122 - Selenide 7.9.4 / Selenium 4.26.0 / chrome 137.0.7151.122 windows
2025-07-11 15:57:59 INFO  LoginTest:53 - Verifying invalid credentials text...
2025-07-11 15:57:59 INFO  LoginTest:55 - Test case passed: Validation message shown for invalid credentials.
2025-07-11 15:57:59 INFO  LoginTest:80 - Opening login page...
2025-07-11 15:58:00 INFO  LoginTest:90 - Test case passed: Validation message shown for blank password.
2025-07-11 15:58:00 INFO  LoginTest:64 - Opening login URL...
2025-07-11 15:58:01 INFO  LoginTest:68 - Verifying required text...
2025-07-11 15:58:01 INFO  LoginTest:71 - Test case passed: Validation message shown for blank username.
2025-07-11 15:58:01 INFO  LoginTest:99 - Opening login page...
2025-07-11 15:58:02 INFO  LoginTest:114 - Test case passed: Validation messages shown for both blank username and password.
2025-07-11 15:58:02 INFO  LoginTest:27 - Opening login URL...
2025-07-11 15:58:03 INFO  LoginTest:34 - Verifying Dashboard text...
2025-07-11 15:58:05 INFO  LoginTest:39 - Login verified successfully with correct credentials.
2025-07-11 15:58:15 INFO  LoginTest:48 - Opening login URL...
2025-07-11 15:58:15 INFO  WebDriverThreadLocalContainer:129 - No webdriver is bound to current thread: 1 - let's create a new webdriver
2025-07-11 15:58:16 INFO  WebDriverFactory:122 - Selenide 7.9.4 / Selenium 4.26.0 / chrome 137.0.7151.122 windows
2025-07-11 15:58:22 INFO  LoginTest:53 - Verifying invalid credentials text...
2025-07-11 15:58:22 INFO  LoginTest:55 - Test case passed: Validation message shown for invalid credentials.
2025-07-11 15:58:22 INFO  LoginTest:80 - Opening login page...
2025-07-11 15:58:24 INFO  LoginTest:90 - Test case passed: Validation message shown for blank password.
2025-07-11 15:58:24 INFO  LoginTest:64 - Opening login URL...
2025-07-11 15:58:25 INFO  LoginTest:68 - Verifying required text...
2025-07-11 15:58:25 INFO  LoginTest:71 - Test case passed: Validation message shown for blank username.
2025-07-11 15:58:25 INFO  LoginTest:99 - Opening login page...
2025-07-11 15:58:26 INFO  LoginTest:114 - Test case passed: Validation messages shown for both blank username and password.
2025-07-11 15:58:26 INFO  LoginTest:27 - Opening login URL...
2025-07-11 15:58:27 INFO  LoginTest:34 - Verifying Dashboard text...
2025-07-11 15:58:28 INFO  LoginTest:39 - Login verified successfully with correct credentials.
